The system is: Linux - 4.4.0-34-generic - x86_64
Compiling the C compiler identification source file "CMakeCCompilerId.c" succeeded.
Compiler: /usr/bin/cc 
Build flags: 
Id flags: 

The output was:
0


Compilation of the C compiler identification source "CMakeCCompilerId.c" produced "a.out"

The C compiler identification is GNU, found in "/home/david/googlefruit-example/build/CMakeFiles/3.5.1/CompilerIdC/a.out"

Compiling the CXX compiler identification source file "CMakeCXXCompilerId.cpp" succeeded.
Compiler: /usr/bin/c++ 
Build flags: 
Id flags: 

The output was:
0


Compilation of the CXX compiler identification source "CMakeCXXCompilerId.cpp" produced "a.out"

The CXX compiler identification is GNU, found in "/home/david/googlefruit-example/build/CMakeFiles/3.5.1/CompilerIdCXX/a.out"

Determining if the C compiler works passed with the following output:
Change Dir: /home/david/googlefruit-example/build/CMakeFiles/CMakeTmp

Run Build Command:"/usr/bin/make" "cmTC_9a127/fast"
/usr/bin/make -f CMakeFiles/cmTC_9a127.dir/build.make CMakeFiles/cmTC_9a127.dir/build
make[1]: Entering directory '/home/david/googlefruit-example/build/CMakeFiles/CMakeTmp'
Building C object CMakeFiles/cmTC_9a127.dir/testCCompiler.c.o
/usr/bin/cc     -o CMakeFiles/cmTC_9a127.dir/testCCompiler.c.o   -c /home/david/googlefruit-example/build/CMakeFiles/CMakeTmp/testCCompiler.c
Linking C executable cmTC_9a127
/usr/bin/cmake -E cmake_link_script CMakeFiles/cmTC_9a127.dir/link.txt --verbose=1
/usr/bin/cc       CMakeFiles/cmTC_9a127.dir/testCCompiler.c.o  -o cmTC_9a127 -rdynamic 
make[1]: Leaving directory '/home/david/googlefruit-example/build/CMakeFiles/CMakeTmp'


Detecting C compiler ABI info compiled with the following output:
Change Dir: /home/david/googlefruit-example/build/CMakeFiles/CMakeTmp

Run Build Command:"/usr/bin/make" "cmTC_19f0f/fast"
/usr/bin/make -f CMakeFiles/cmTC_19f0f.dir/build.make CMakeFiles/cmTC_19f0f.dir/build
make[1]: Entering directory '/home/david/googlefruit-example/build/CMakeFiles/CMakeTmp'
Building C object CMakeFiles/cmTC_19f0f.dir/CMakeCCompilerABI.c.o
/usr/bin/cc     -o CMakeFiles/cmTC_19f0f.dir/CMakeCCompilerABI.c.o   -c /usr/share/cmake-3.5/Modules/CMakeCCompilerABI.c
Linking C executable cmTC_19f0f
/usr/bin/cmake -E cmake_link_script CMakeFiles/cmTC_19f0f.dir/link.txt --verbose=1
/usr/bin/cc      -v CMakeFiles/cmTC_19f0f.dir/CMakeCCompilerABI.c.o  -o cmTC_19f0f -rdynamic  
Using built-in specs.
COLLECT_GCC=/usr/bin/cc
COLLECT_LTO_WRAPPER=/usr/lib/gcc/x86_64-linux-gnu/5/lto-wrapper
Target: x86_64-linux-gnu
Configured with: ../src/configure -v --with-pkgversion='Ubuntu 5.4.0-6ubuntu1~16.04.2' --with-bugurl=file:///usr/share/doc/gcc-5/README.Bugs --enable-languages=c,ada,c++,java,go,d,fortran,objc,obj-c++ --prefix=/usr --program-suffix=-5 --enable-shared --enable-linker-build-id --libexecdir=/usr/lib --without-included-gettext --enable-threads=posix --libdir=/usr/lib --enable-nls --with-sysroot=/ --enable-clocale=gnu --enable-libstdcxx-debug --enable-libstdcxx-time=yes --with-default-libstdcxx-abi=new --enable-gnu-unique-object --disable-vtable-verify --enable-libmpx --enable-plugin --with-system-zlib --disable-browser-plugin --enable-java-awt=gtk --enable-gtk-cairo --with-java-home=/usr/lib/jvm/java-1.5.0-gcj-5-amd64/jre --enable-java-home --with-jvm-root-dir=/usr/lib/jvm/java-1.5.0-gcj-5-amd64 --with-jvm-jar-dir=/usr/lib/jvm-exports/java-1.5.0-gcj-5-amd64 --with-arch-directory=amd64 --with-ecj-jar=/usr/share/java/eclipse-ecj.jar --enable-objc-gc --enable-multiarch --disable-werror --with-arch-32=i686 --with-abi=m64 --with-multilib-list=m32,m64,mx32 --enable-multilib --with-tune=generic --enable-checking=release --build=x86_64-linux-gnu --host=x86_64-linux-gnu --target=x86_64-linux-gnu
Thread model: posix
gcc version 5.4.0 20160609 (Ubuntu 5.4.0-6ubuntu1~16.04.2) 
COMPILER_PATH=/usr/lib/gcc/x86_64-linux-gnu/5/:/usr/lib/gcc/x86_64-linux-gnu/5/:/usr/lib/gcc/x86_64-linux-gnu/:/usr/lib/gcc/x86_64-linux-gnu/5/:/usr/lib/gcc/x86_64-linux-gnu/
LIBRARY_PATH=/usr/lib/gcc/x86_64-linux-gnu/5/:/usr/lib/gcc/x86_64-linux-gnu/5/../../../x86_64-linux-gnu/:/usr/lib/gcc/x86_64-linux-gnu/5/../../../../lib/:/lib/x86_64-linux-gnu/:/lib/../lib/:/usr/lib/x86_64-linux-gnu/:/usr/lib/../lib/:/usr/lib/gcc/x86_64-linux-gnu/5/../../../:/lib/:/usr/lib/
COLLECT_GCC_OPTIONS='-v' '-o' 'cmTC_19f0f' '-rdynamic' '-mtune=generic' '-march=x86-64'
 /usr/lib/gcc/x86_64-linux-gnu/5/collect2 -plugin /usr/lib/gcc/x86_64-linux-gnu/5/liblto_plugin.so -plugin-opt=/usr/lib/gcc/x86_64-linux-gnu/5/lto-wrapper -plugin-opt=-fresolution=/tmp/cc59ukLz.res -plugin-opt=-pass-through=-lgcc -plugin-opt=-pass-through=-lgcc_s -plugin-opt=-pass-through=-lc -plugin-opt=-pass-through=-lgcc -plugin-opt=-pass-through=-lgcc_s --sysroot=/ --build-id --eh-frame-hdr -m elf_x86_64 --hash-style=gnu --as-needed -export-dynamic -dynamic-linker /lib64/ld-linux-x86-64.so.2 -z relro -o cmTC_19f0f /usr/lib/gcc/x86_64-linux-gnu/5/../../../x86_64-linux-gnu/crt1.o /usr/lib/gcc/x86_64-linux-gnu/5/../../../x86_64-linux-gnu/crti.o /usr/lib/gcc/x86_64-linux-gnu/5/crtbegin.o -L/usr/lib/gcc/x86_64-linux-gnu/5 -L/usr/lib/gcc/x86_64-linux-gnu/5/../../../x86_64-linux-gnu -L/usr/lib/gcc/x86_64-linux-gnu/5/../../../../lib -L/lib/x86_64-linux-gnu -L/lib/../lib -L/usr/lib/x86_64-linux-gnu -L/usr/lib/../lib -L/usr/lib/gcc/x86_64-linux-gnu/5/../../.. CMakeFiles/cmTC_19f0f.dir/CMakeCCompilerABI.c.o -lgcc --as-needed -lgcc_s --no-as-needed -lc -lgcc --as-needed -lgcc_s --no-as-needed /usr/lib/gcc/x86_64-linux-gnu/5/crtend.o /usr/lib/gcc/x86_64-linux-gnu/5/../../../x86_64-linux-gnu/crtn.o
make[1]: Leaving directory '/home/david/googlefruit-example/build/CMakeFiles/CMakeTmp'


Parsed C implicit link information from above output:
  link line regex: [^( *|.*[/\])(ld|([^/\]+-)?ld|collect2)[^/\]*( |$)]
  ignore line: [Change Dir: /home/david/googlefruit-example/build/CMakeFiles/CMakeTmp]
  ignore line: []
  ignore line: [Run Build Command:"/usr/bin/make" "cmTC_19f0f/fast"]
  ignore line: [/usr/bin/make -f CMakeFiles/cmTC_19f0f.dir/build.make CMakeFiles/cmTC_19f0f.dir/build]
  ignore line: [make[1]: Entering directory '/home/david/googlefruit-example/build/CMakeFiles/CMakeTmp']
  ignore line: [Building C object CMakeFiles/cmTC_19f0f.dir/CMakeCCompilerABI.c.o]
  ignore line: [/usr/bin/cc     -o CMakeFiles/cmTC_19f0f.dir/CMakeCCompilerABI.c.o   -c /usr/share/cmake-3.5/Modules/CMakeCCompilerABI.c]
  ignore line: [Linking C executable cmTC_19f0f]
  ignore line: [/usr/bin/cmake -E cmake_link_script CMakeFiles/cmTC_19f0f.dir/link.txt --verbose=1]
  ignore line: [/usr/bin/cc      -v CMakeFiles/cmTC_19f0f.dir/CMakeCCompilerABI.c.o  -o cmTC_19f0f -rdynamic  ]
  ignore line: [Using built-in specs.]
  ignore line: [COLLECT_GCC=/usr/bin/cc]
  ignore line: [COLLECT_LTO_WRAPPER=/usr/lib/gcc/x86_64-linux-gnu/5/lto-wrapper]
  ignore line: [Target: x86_64-linux-gnu]
  ignore line: [Configured with: ../src/configure -v --with-pkgversion='Ubuntu 5.4.0-6ubuntu1~16.04.2' --with-bugurl=file:///usr/share/doc/gcc-5/README.Bugs --enable-languages=c,ada,c++,java,go,d,fortran,objc,obj-c++ --prefix=/usr --program-suffix=-5 --enable-shared --enable-linker-build-id --libexecdir=/usr/lib --without-included-gettext --enable-threads=posix --libdir=/usr/lib --enable-nls --with-sysroot=/ --enable-clocale=gnu --enable-libstdcxx-debug --enable-libstdcxx-time=yes --with-default-libstdcxx-abi=new --enable-gnu-unique-object --disable-vtable-verify --enable-libmpx --enable-plugin --with-system-zlib --disable-browser-plugin --enable-java-awt=gtk --enable-gtk-cairo --with-java-home=/usr/lib/jvm/java-1.5.0-gcj-5-amd64/jre --enable-java-home --with-jvm-root-dir=/usr/lib/jvm/java-1.5.0-gcj-5-amd64 --with-jvm-jar-dir=/usr/lib/jvm-exports/java-1.5.0-gcj-5-amd64 --with-arch-directory=amd64 --with-ecj-jar=/usr/share/java/eclipse-ecj.jar --enable-objc-gc --enable-multiarch --disable-werror --with-arch-32=i686 --with-abi=m64 --with-multilib-list=m32,m64,mx32 --enable-multilib --with-tune=generic --enable-checking=release --build=x86_64-linux-gnu --host=x86_64-linux-gnu --target=x86_64-linux-gnu]
  ignore line: [Thread model: posix]
  ignore line: [gcc version 5.4.0 20160609 (Ubuntu 5.4.0-6ubuntu1~16.04.2) ]
  ignore line: [COMPILER_PATH=/usr/lib/gcc/x86_64-linux-gnu/5/:/usr/lib/gcc/x86_64-linux-gnu/5/:/usr/lib/gcc/x86_64-linux-gnu/:/usr/lib/gcc/x86_64-linux-gnu/5/:/usr/lib/gcc/x86_64-linux-gnu/]
  ignore line: [LIBRARY_PATH=/usr/lib/gcc/x86_64-linux-gnu/5/:/usr/lib/gcc/x86_64-linux-gnu/5/../../../x86_64-linux-gnu/:/usr/lib/gcc/x86_64-linux-gnu/5/../../../../lib/:/lib/x86_64-linux-gnu/:/lib/../lib/:/usr/lib/x86_64-linux-gnu/:/usr/lib/../lib/:/usr/lib/gcc/x86_64-linux-gnu/5/../../../:/lib/:/usr/lib/]
  ignore line: [COLLECT_GCC_OPTIONS='-v' '-o' 'cmTC_19f0f' '-rdynamic' '-mtune=generic' '-march=x86-64']
  link line: [ /usr/lib/gcc/x86_64-linux-gnu/5/collect2 -plugin /usr/lib/gcc/x86_64-linux-gnu/5/liblto_plugin.so -plugin-opt=/usr/lib/gcc/x86_64-linux-gnu/5/lto-wrapper -plugin-opt=-fresolution=/tmp/cc59ukLz.res -plugin-opt=-pass-through=-lgcc -plugin-opt=-pass-through=-lgcc_s -plugin-opt=-pass-through=-lc -plugin-opt=-pass-through=-lgcc -plugin-opt=-pass-through=-lgcc_s --sysroot=/ --build-id --eh-frame-hdr -m elf_x86_64 --hash-style=gnu --as-needed -export-dynamic -dynamic-linker /lib64/ld-linux-x86-64.so.2 -z relro -o cmTC_19f0f /usr/lib/gcc/x86_64-linux-gnu/5/../../../x86_64-linux-gnu/crt1.o /usr/lib/gcc/x86_64-linux-gnu/5/../../../x86_64-linux-gnu/crti.o /usr/lib/gcc/x86_64-linux-gnu/5/crtbegin.o -L/usr/lib/gcc/x86_64-linux-gnu/5 -L/usr/lib/gcc/x86_64-linux-gnu/5/../../../x86_64-linux-gnu -L/usr/lib/gcc/x86_64-linux-gnu/5/../../../../lib -L/lib/x86_64-linux-gnu -L/lib/../lib -L/usr/lib/x86_64-linux-gnu -L/usr/lib/../lib -L/usr/lib/gcc/x86_64-linux-gnu/5/../../.. CMakeFiles/cmTC_19f0f.dir/CMakeCCompilerABI.c.o -lgcc --as-needed -lgcc_s --no-as-needed -lc -lgcc --as-needed -lgcc_s --no-as-needed /usr/lib/gcc/x86_64-linux-gnu/5/crtend.o /usr/lib/gcc/x86_64-linux-gnu/5/../../../x86_64-linux-gnu/crtn.o]
    arg [/usr/lib/gcc/x86_64-linux-gnu/5/collect2] ==> ignore
    arg [-plugin] ==> ignore
    arg [/usr/lib/gcc/x86_64-linux-gnu/5/liblto_plugin.so] ==> ignore
    arg [-plugin-opt=/usr/lib/gcc/x86_64-linux-gnu/5/lto-wrapper] ==> ignore
    arg [-plugin-opt=-fresolution=/tmp/cc59ukLz.res] ==> ignore
    arg [-plugin-opt=-pass-through=-lgcc] ==> ignore
    arg [-plugin-opt=-pass-through=-lgcc_s] ==> ignore
    arg [-plugin-opt=-pass-through=-lc] ==> ignore
    arg [-plugin-opt=-pass-through=-lgcc] ==> ignore
    arg [-plugin-opt=-pass-through=-lgcc_s] ==> ignore
    arg [--sysroot=/] ==> ignore
    arg [--build-id] ==> ignore
    arg [--eh-frame-hdr] ==> ignore
    arg [-m] ==> ignore
    arg [elf_x86_64] ==> ignore
    arg [--hash-style=gnu] ==> ignore
    arg [--as-needed] ==> ignore
    arg [-export-dynamic] ==> ignore
    arg [-dynamic-linker] ==> ignore
    arg [/lib64/ld-linux-x86-64.so.2] ==> ignore
    arg [-zrelro] ==> ignore
    arg [-o] ==> ignore
    arg [cmTC_19f0f] ==> ignore
    arg [/usr/lib/gcc/x86_64-linux-gnu/5/../../../x86_64-linux-gnu/crt1.o] ==> ignore
    arg [/usr/lib/gcc/x86_64-linux-gnu/5/../../../x86_64-linux-gnu/crti.o] ==> ignore
    arg [/usr/lib/gcc/x86_64-linux-gnu/5/crtbegin.o] ==> ignore
    arg [-L/usr/lib/gcc/x86_64-linux-gnu/5] ==> dir [/usr/lib/gcc/x86_64-linux-gnu/5]
    arg [-L/usr/lib/gcc/x86_64-linux-gnu/5/../../../x86_64-linux-gnu] ==> dir [/usr/lib/gcc/x86_64-linux-gnu/5/../../../x86_64-linux-gnu]
    arg [-L/usr/lib/gcc/x86_64-linux-gnu/5/../../../../lib] ==> dir [/usr/lib/gcc/x86_64-linux-gnu/5/../../../../lib]
    arg [-L/lib/x86_64-linux-gnu] ==> dir [/lib/x86_64-linux-gnu]
    arg [-L/lib/../lib] ==> dir [/lib/../lib]
    arg [-L/usr/lib/x86_64-linux-gnu] ==> dir [/usr/lib/x86_64-linux-gnu]
    arg [-L/usr/lib/../lib] ==> dir [/usr/lib/../lib]
    arg [-L/usr/lib/gcc/x86_64-linux-gnu/5/../../..] ==> dir [/usr/lib/gcc/x86_64-linux-gnu/5/../../..]
    arg [CMakeFiles/cmTC_19f0f.dir/CMakeCCompilerABI.c.o] ==> ignore
    arg [-lgcc] ==> lib [gcc]
    arg [--as-needed] ==> ignore
    arg [-lgcc_s] ==> lib [gcc_s]
    arg [--no-as-needed] ==> ignore
    arg [-lc] ==> lib [c]
    arg [-lgcc] ==> lib [gcc]
    arg [--as-needed] ==> ignore
    arg [-lgcc_s] ==> lib [gcc_s]
    arg [--no-as-needed] ==> ignore
    arg [/usr/lib/gcc/x86_64-linux-gnu/5/crtend.o] ==> ignore
    arg [/usr/lib/gcc/x86_64-linux-gnu/5/../../../x86_64-linux-gnu/crtn.o] ==> ignore
  remove lib [gcc]
  remove lib [gcc_s]
  remove lib [gcc]
  remove lib [gcc_s]
  collapse library dir [/usr/lib/gcc/x86_64-linux-gnu/5] ==> [/usr/lib/gcc/x86_64-linux-gnu/5]
  collapse library dir [/usr/lib/gcc/x86_64-linux-gnu/5/../../../x86_64-linux-gnu] ==> [/usr/lib/x86_64-linux-gnu]
  collapse library dir [/usr/lib/gcc/x86_64-linux-gnu/5/../../../../lib] ==> [/usr/lib]
  collapse library dir [/lib/x86_64-linux-gnu] ==> [/lib/x86_64-linux-gnu]
  collapse library dir [/lib/../lib] ==> [/lib]
  collapse library dir [/usr/lib/x86_64-linux-gnu] ==> [/usr/lib/x86_64-linux-gnu]
  collapse library dir [/usr/lib/../lib] ==> [/usr/lib]
  collapse library dir [/usr/lib/gcc/x86_64-linux-gnu/5/../../..] ==> [/usr/lib]
  implicit libs: [c]
  implicit dirs: [/usr/lib/gcc/x86_64-linux-gnu/5;/usr/lib/x86_64-linux-gnu;/usr/lib;/lib/x86_64-linux-gnu;/lib]
  implicit fwks: []




Detecting C [-std=c11] compiler features compiled with the following output:
Change Dir: /home/david/googlefruit-example/build/CMakeFiles/CMakeTmp

Run Build Command:"/usr/bin/make" "cmTC_4859a/fast"
/usr/bin/make -f CMakeFiles/cmTC_4859a.dir/build.make CMakeFiles/cmTC_4859a.dir/build
make[1]: Entering directory '/home/david/googlefruit-example/build/CMakeFiles/CMakeTmp'
Building C object CMakeFiles/cmTC_4859a.dir/feature_tests.c.o
/usr/bin/cc    -std=c11 -o CMakeFiles/cmTC_4859a.dir/feature_tests.c.o   -c /home/david/googlefruit-example/build/CMakeFiles/feature_tests.c
Linking C executable cmTC_4859a
/usr/bin/cmake -E cmake_link_script CMakeFiles/cmTC_4859a.dir/link.txt --verbose=1
/usr/bin/cc       CMakeFiles/cmTC_4859a.dir/feature_tests.c.o  -o cmTC_4859a -rdynamic 
make[1]: Leaving directory '/home/david/googlefruit-example/build/CMakeFiles/CMakeTmp'


    Feature record: C_FEATURE:1c_function_prototypes
    Feature record: C_FEATURE:1c_restrict
    Feature record: C_FEATURE:1c_static_assert
    Feature record: C_FEATURE:1c_variadic_macros


Detecting C [-std=c99] compiler features compiled with the following output:
Change Dir: /home/david/googlefruit-example/build/CMakeFiles/CMakeTmp

Run Build Command:"/usr/bin/make" "cmTC_aaf0b/fast"
/usr/bin/make -f CMakeFiles/cmTC_aaf0b.dir/build.make CMakeFiles/cmTC_aaf0b.dir/build
make[1]: Entering directory '/home/david/googlefruit-example/build/CMakeFiles/CMakeTmp'
Building C object CMakeFiles/cmTC_aaf0b.dir/feature_tests.c.o
/usr/bin/cc    -std=c99 -o CMakeFiles/cmTC_aaf0b.dir/feature_tests.c.o   -c /home/david/googlefruit-example/build/CMakeFiles/feature_tests.c
Linking C executable cmTC_aaf0b
/usr/bin/cmake -E cmake_link_script CMakeFiles/cmTC_aaf0b.dir/link.txt --verbose=1
/usr/bin/cc       CMakeFiles/cmTC_aaf0b.dir/feature_tests.c.o  -o cmTC_aaf0b -rdynamic 
make[1]: Leaving directory '/home/david/googlefruit-example/build/CMakeFiles/CMakeTmp'


    Feature record: C_FEATURE:1c_function_prototypes
    Feature record: C_FEATURE:1c_restrict
    Feature record: C_FEATURE:0c_static_assert
    Feature record: C_FEATURE:1c_variadic_macros


Detecting C [-std=c90] compiler features compiled with the following output:
Change Dir: /home/david/googlefruit-example/build/CMakeFiles/CMakeTmp

Run Build Command:"/usr/bin/make" "cmTC_0ea00/fast"
/usr/bin/make -f CMakeFiles/cmTC_0ea00.dir/build.make CMakeFiles/cmTC_0ea00.dir/build
make[1]: Entering directory '/home/david/googlefruit-example/build/CMakeFiles/CMakeTmp'
Building C object CMakeFiles/cmTC_0ea00.dir/feature_tests.c.o
/usr/bin/cc    -std=c90 -o CMakeFiles/cmTC_0ea00.dir/feature_tests.c.o   -c /home/david/googlefruit-example/build/CMakeFiles/feature_tests.c
Linking C executable cmTC_0ea00
/usr/bin/cmake -E cmake_link_script CMakeFiles/cmTC_0ea00.dir/link.txt --verbose=1
/usr/bin/cc       CMakeFiles/cmTC_0ea00.dir/feature_tests.c.o  -o cmTC_0ea00 -rdynamic 
make[1]: Leaving directory '/home/david/googlefruit-example/build/CMakeFiles/CMakeTmp'


    Feature record: C_FEATURE:1c_function_prototypes
    Feature record: C_FEATURE:0c_restrict
    Feature record: C_FEATURE:0c_static_assert
    Feature record: C_FEATURE:0c_variadic_macros
Determining if the CXX compiler works passed with the following output:
Change Dir: /home/david/googlefruit-example/build/CMakeFiles/CMakeTmp

Run Build Command:"/usr/bin/make" "cmTC_ede0f/fast"
/usr/bin/make -f CMakeFiles/cmTC_ede0f.dir/build.make CMakeFiles/cmTC_ede0f.dir/build
make[1]: Entering directory '/home/david/googlefruit-example/build/CMakeFiles/CMakeTmp'
Building CXX object CMakeFiles/cmTC_ede0f.dir/testCXXCompiler.cxx.o
/usr/bin/c++      -o CMakeFiles/cmTC_ede0f.dir/testCXXCompiler.cxx.o -c /home/david/googlefruit-example/build/CMakeFiles/CMakeTmp/testCXXCompiler.cxx
Linking CXX executable cmTC_ede0f
/usr/bin/cmake -E cmake_link_script CMakeFiles/cmTC_ede0f.dir/link.txt --verbose=1
/usr/bin/c++        CMakeFiles/cmTC_ede0f.dir/testCXXCompiler.cxx.o  -o cmTC_ede0f -rdynamic 
make[1]: Leaving directory '/home/david/googlefruit-example/build/CMakeFiles/CMakeTmp'


Detecting CXX compiler ABI info compiled with the following output:
Change Dir: /home/david/googlefruit-example/build/CMakeFiles/CMakeTmp

Run Build Command:"/usr/bin/make" "cmTC_2903e/fast"
/usr/bin/make -f CMakeFiles/cmTC_2903e.dir/build.make CMakeFiles/cmTC_2903e.dir/build
make[1]: Entering directory '/home/david/googlefruit-example/build/CMakeFiles/CMakeTmp'
Building CXX object CMakeFiles/cmTC_2903e.dir/CMakeCXXCompilerABI.cpp.o
/usr/bin/c++      -o CMakeFiles/cmTC_2903e.dir/CMakeCXXCompilerABI.cpp.o -c /usr/share/cmake-3.5/Modules/CMakeCXXCompilerABI.cpp
Linking CXX executable cmTC_2903e
/usr/bin/cmake -E cmake_link_script CMakeFiles/cmTC_2903e.dir/link.txt --verbose=1
/usr/bin/c++       -v CMakeFiles/cmTC_2903e.dir/CMakeCXXCompilerABI.cpp.o  -o cmTC_2903e -rdynamic  
Using built-in specs.
COLLECT_GCC=/usr/bin/c++
COLLECT_LTO_WRAPPER=/usr/lib/gcc/x86_64-linux-gnu/5/lto-wrapper
Target: x86_64-linux-gnu
Configured with: ../src/configure -v --with-pkgversion='Ubuntu 5.4.0-6ubuntu1~16.04.2' --with-bugurl=file:///usr/share/doc/gcc-5/README.Bugs --enable-languages=c,ada,c++,java,go,d,fortran,objc,obj-c++ --prefix=/usr --program-suffix=-5 --enable-shared --enable-linker-build-id --libexecdir=/usr/lib --without-included-gettext --enable-threads=posix --libdir=/usr/lib --enable-nls --with-sysroot=/ --enable-clocale=gnu --enable-libstdcxx-debug --enable-libstdcxx-time=yes --with-default-libstdcxx-abi=new --enable-gnu-unique-object --disable-vtable-verify --enable-libmpx --enable-plugin --with-system-zlib --disable-browser-plugin --enable-java-awt=gtk --enable-gtk-cairo --with-java-home=/usr/lib/jvm/java-1.5.0-gcj-5-amd64/jre --enable-java-home --with-jvm-root-dir=/usr/lib/jvm/java-1.5.0-gcj-5-amd64 --with-jvm-jar-dir=/usr/lib/jvm-exports/java-1.5.0-gcj-5-amd64 --with-arch-directory=amd64 --with-ecj-jar=/usr/share/java/eclipse-ecj.jar --enable-objc-gc --enable-multiarch --disable-werror --with-arch-32=i686 --with-abi=m64 --with-multilib-list=m32,m64,mx32 --enable-multilib --with-tune=generic --enable-checking=release --build=x86_64-linux-gnu --host=x86_64-linux-gnu --target=x86_64-linux-gnu
Thread model: posix
gcc version 5.4.0 20160609 (Ubuntu 5.4.0-6ubuntu1~16.04.2) 
COMPILER_PATH=/usr/lib/gcc/x86_64-linux-gnu/5/:/usr/lib/gcc/x86_64-linux-gnu/5/:/usr/lib/gcc/x86_64-linux-gnu/:/usr/lib/gcc/x86_64-linux-gnu/5/:/usr/lib/gcc/x86_64-linux-gnu/
LIBRARY_PATH=/usr/lib/gcc/x86_64-linux-gnu/5/:/usr/lib/gcc/x86_64-linux-gnu/5/../../../x86_64-linux-gnu/:/usr/lib/gcc/x86_64-linux-gnu/5/../../../../lib/:/lib/x86_64-linux-gnu/:/lib/../lib/:/usr/lib/x86_64-linux-gnu/:/usr/lib/../lib/:/usr/lib/gcc/x86_64-linux-gnu/5/../../../:/lib/:/usr/lib/
COLLECT_GCC_OPTIONS='-v' '-o' 'cmTC_2903e' '-rdynamic' '-shared-libgcc' '-mtune=generic' '-march=x86-64'
 /usr/lib/gcc/x86_64-linux-gnu/5/collect2 -plugin /usr/lib/gcc/x86_64-linux-gnu/5/liblto_plugin.so -plugin-opt=/usr/lib/gcc/x86_64-linux-gnu/5/lto-wrapper -plugin-opt=-fresolution=/tmp/ccCfNarj.res -plugin-opt=-pass-through=-lgcc_s -plugin-opt=-pass-through=-lgcc -plugin-opt=-pass-through=-lc -plugin-opt=-pass-through=-lgcc_s -plugin-opt=-pass-through=-lgcc --sysroot=/ --build-id --eh-frame-hdr -m elf_x86_64 --hash-style=gnu --as-needed -export-dynamic -dynamic-linker /lib64/ld-linux-x86-64.so.2 -z relro -o cmTC_2903e /usr/lib/gcc/x86_64-linux-gnu/5/../../../x86_64-linux-gnu/crt1.o /usr/lib/gcc/x86_64-linux-gnu/5/../../../x86_64-linux-gnu/crti.o /usr/lib/gcc/x86_64-linux-gnu/5/crtbegin.o -L/usr/lib/gcc/x86_64-linux-gnu/5 -L/usr/lib/gcc/x86_64-linux-gnu/5/../../../x86_64-linux-gnu -L/usr/lib/gcc/x86_64-linux-gnu/5/../../../../lib -L/lib/x86_64-linux-gnu -L/lib/../lib -L/usr/lib/x86_64-linux-gnu -L/usr/lib/../lib -L/usr/lib/gcc/x86_64-linux-gnu/5/../../.. CMakeFiles/cmTC_2903e.dir/CMakeCXXCompilerABI.cpp.o -lstdc++ -lm -lgcc_s -lgcc -lc -lgcc_s -lgcc /usr/lib/gcc/x86_64-linux-gnu/5/crtend.o /usr/lib/gcc/x86_64-linux-gnu/5/../../../x86_64-linux-gnu/crtn.o
make[1]: Leaving directory '/home/david/googlefruit-example/build/CMakeFiles/CMakeTmp'


Parsed CXX implicit link information from above output:
  link line regex: [^( *|.*[/\])(ld|([^/\]+-)?ld|collect2)[^/\]*( |$)]
  ignore line: [Change Dir: /home/david/googlefruit-example/build/CMakeFiles/CMakeTmp]
  ignore line: []
  ignore line: [Run Build Command:"/usr/bin/make" "cmTC_2903e/fast"]
  ignore line: [/usr/bin/make -f CMakeFiles/cmTC_2903e.dir/build.make CMakeFiles/cmTC_2903e.dir/build]
  ignore line: [make[1]: Entering directory '/home/david/googlefruit-example/build/CMakeFiles/CMakeTmp']
  ignore line: [Building CXX object CMakeFiles/cmTC_2903e.dir/CMakeCXXCompilerABI.cpp.o]
  ignore line: [/usr/bin/c++      -o CMakeFiles/cmTC_2903e.dir/CMakeCXXCompilerABI.cpp.o -c /usr/share/cmake-3.5/Modules/CMakeCXXCompilerABI.cpp]
  ignore line: [Linking CXX executable cmTC_2903e]
  ignore line: [/usr/bin/cmake -E cmake_link_script CMakeFiles/cmTC_2903e.dir/link.txt --verbose=1]
  ignore line: [/usr/bin/c++       -v CMakeFiles/cmTC_2903e.dir/CMakeCXXCompilerABI.cpp.o  -o cmTC_2903e -rdynamic  ]
  ignore line: [Using built-in specs.]
  ignore line: [COLLECT_GCC=/usr/bin/c++]
  ignore line: [COLLECT_LTO_WRAPPER=/usr/lib/gcc/x86_64-linux-gnu/5/lto-wrapper]
  ignore line: [Target: x86_64-linux-gnu]
  ignore line: [Configured with: ../src/configure -v --with-pkgversion='Ubuntu 5.4.0-6ubuntu1~16.04.2' --with-bugurl=file:///usr/share/doc/gcc-5/README.Bugs --enable-languages=c,ada,c++,java,go,d,fortran,objc,obj-c++ --prefix=/usr --program-suffix=-5 --enable-shared --enable-linker-build-id --libexecdir=/usr/lib --without-included-gettext --enable-threads=posix --libdir=/usr/lib --enable-nls --with-sysroot=/ --enable-clocale=gnu --enable-libstdcxx-debug --enable-libstdcxx-time=yes --with-default-libstdcxx-abi=new --enable-gnu-unique-object --disable-vtable-verify --enable-libmpx --enable-plugin --with-system-zlib --disable-browser-plugin --enable-java-awt=gtk --enable-gtk-cairo --with-java-home=/usr/lib/jvm/java-1.5.0-gcj-5-amd64/jre --enable-java-home --with-jvm-root-dir=/usr/lib/jvm/java-1.5.0-gcj-5-amd64 --with-jvm-jar-dir=/usr/lib/jvm-exports/java-1.5.0-gcj-5-amd64 --with-arch-directory=amd64 --with-ecj-jar=/usr/share/java/eclipse-ecj.jar --enable-objc-gc --enable-multiarch --disable-werror --with-arch-32=i686 --with-abi=m64 --with-multilib-list=m32,m64,mx32 --enable-multilib --with-tune=generic --enable-checking=release --build=x86_64-linux-gnu --host=x86_64-linux-gnu --target=x86_64-linux-gnu]
  ignore line: [Thread model: posix]
  ignore line: [gcc version 5.4.0 20160609 (Ubuntu 5.4.0-6ubuntu1~16.04.2) ]
  ignore line: [COMPILER_PATH=/usr/lib/gcc/x86_64-linux-gnu/5/:/usr/lib/gcc/x86_64-linux-gnu/5/:/usr/lib/gcc/x86_64-linux-gnu/:/usr/lib/gcc/x86_64-linux-gnu/5/:/usr/lib/gcc/x86_64-linux-gnu/]
  ignore line: [LIBRARY_PATH=/usr/lib/gcc/x86_64-linux-gnu/5/:/usr/lib/gcc/x86_64-linux-gnu/5/../../../x86_64-linux-gnu/:/usr/lib/gcc/x86_64-linux-gnu/5/../../../../lib/:/lib/x86_64-linux-gnu/:/lib/../lib/:/usr/lib/x86_64-linux-gnu/:/usr/lib/../lib/:/usr/lib/gcc/x86_64-linux-gnu/5/../../../:/lib/:/usr/lib/]
  ignore line: [COLLECT_GCC_OPTIONS='-v' '-o' 'cmTC_2903e' '-rdynamic' '-shared-libgcc' '-mtune=generic' '-march=x86-64']
  link line: [ /usr/lib/gcc/x86_64-linux-gnu/5/collect2 -plugin /usr/lib/gcc/x86_64-linux-gnu/5/liblto_plugin.so -plugin-opt=/usr/lib/gcc/x86_64-linux-gnu/5/lto-wrapper -plugin-opt=-fresolution=/tmp/ccCfNarj.res -plugin-opt=-pass-through=-lgcc_s -plugin-opt=-pass-through=-lgcc -plugin-opt=-pass-through=-lc -plugin-opt=-pass-through=-lgcc_s -plugin-opt=-pass-through=-lgcc --sysroot=/ --build-id --eh-frame-hdr -m elf_x86_64 --hash-style=gnu --as-needed -export-dynamic -dynamic-linker /lib64/ld-linux-x86-64.so.2 -z relro -o cmTC_2903e /usr/lib/gcc/x86_64-linux-gnu/5/../../../x86_64-linux-gnu/crt1.o /usr/lib/gcc/x86_64-linux-gnu/5/../../../x86_64-linux-gnu/crti.o /usr/lib/gcc/x86_64-linux-gnu/5/crtbegin.o -L/usr/lib/gcc/x86_64-linux-gnu/5 -L/usr/lib/gcc/x86_64-linux-gnu/5/../../../x86_64-linux-gnu -L/usr/lib/gcc/x86_64-linux-gnu/5/../../../../lib -L/lib/x86_64-linux-gnu -L/lib/../lib -L/usr/lib/x86_64-linux-gnu -L/usr/lib/../lib -L/usr/lib/gcc/x86_64-linux-gnu/5/../../.. CMakeFiles/cmTC_2903e.dir/CMakeCXXCompilerABI.cpp.o -lstdc++ -lm -lgcc_s -lgcc -lc -lgcc_s -lgcc /usr/lib/gcc/x86_64-linux-gnu/5/crtend.o /usr/lib/gcc/x86_64-linux-gnu/5/../../../x86_64-linux-gnu/crtn.o]
    arg [/usr/lib/gcc/x86_64-linux-gnu/5/collect2] ==> ignore
    arg [-plugin] ==> ignore
    arg [/usr/lib/gcc/x86_64-linux-gnu/5/liblto_plugin.so] ==> ignore
    arg [-plugin-opt=/usr/lib/gcc/x86_64-linux-gnu/5/lto-wrapper] ==> ignore
    arg [-plugin-opt=-fresolution=/tmp/ccCfNarj.res] ==> ignore
    arg [-plugin-opt=-pass-through=-lgcc_s] ==> ignore
    arg [-plugin-opt=-pass-through=-lgcc] ==> ignore
    arg [-plugin-opt=-pass-through=-lc] ==> ignore
    arg [-plugin-opt=-pass-through=-lgcc_s] ==> ignore
    arg [-plugin-opt=-pass-through=-lgcc] ==> ignore
    arg [--sysroot=/] ==> ignore
    arg [--build-id] ==> ignore
    arg [--eh-frame-hdr] ==> ignore
    arg [-m] ==> ignore
    arg [elf_x86_64] ==> ignore
    arg [--hash-style=gnu] ==> ignore
    arg [--as-needed] ==> ignore
    arg [-export-dynamic] ==> ignore
    arg [-dynamic-linker] ==> ignore
    arg [/lib64/ld-linux-x86-64.so.2] ==> ignore
    arg [-zrelro] ==> ignore
    arg [-o] ==> ignore
    arg [cmTC_2903e] ==> ignore
    arg [/usr/lib/gcc/x86_64-linux-gnu/5/../../../x86_64-linux-gnu/crt1.o] ==> ignore
    arg [/usr/lib/gcc/x86_64-linux-gnu/5/../../../x86_64-linux-gnu/crti.o] ==> ignore
    arg [/usr/lib/gcc/x86_64-linux-gnu/5/crtbegin.o] ==> ignore
    arg [-L/usr/lib/gcc/x86_64-linux-gnu/5] ==> dir [/usr/lib/gcc/x86_64-linux-gnu/5]
    arg [-L/usr/lib/gcc/x86_64-linux-gnu/5/../../../x86_64-linux-gnu] ==> dir [/usr/lib/gcc/x86_64-linux-gnu/5/../../../x86_64-linux-gnu]
    arg [-L/usr/lib/gcc/x86_64-linux-gnu/5/../../../../lib] ==> dir [/usr/lib/gcc/x86_64-linux-gnu/5/../../../../lib]
    arg [-L/lib/x86_64-linux-gnu] ==> dir [/lib/x86_64-linux-gnu]
    arg [-L/lib/../lib] ==> dir [/lib/../lib]
    arg [-L/usr/lib/x86_64-linux-gnu] ==> dir [/usr/lib/x86_64-linux-gnu]
    arg [-L/usr/lib/../lib] ==> dir [/usr/lib/../lib]
    arg [-L/usr/lib/gcc/x86_64-linux-gnu/5/../../..] ==> dir [/usr/lib/gcc/x86_64-linux-gnu/5/../../..]
    arg [CMakeFiles/cmTC_2903e.dir/CMakeCXXCompilerABI.cpp.o] ==> ignore
    arg [-lstdc++] ==> lib [stdc++]
    arg [-lm] ==> lib [m]
    arg [-lgcc_s] ==> lib [gcc_s]
    arg [-lgcc] ==> lib [gcc]
    arg [-lc] ==> lib [c]
    arg [-lgcc_s] ==> lib [gcc_s]
    arg [-lgcc] ==> lib [gcc]
    arg [/usr/lib/gcc/x86_64-linux-gnu/5/crtend.o] ==> ignore
    arg [/usr/lib/gcc/x86_64-linux-gnu/5/../../../x86_64-linux-gnu/crtn.o] ==> ignore
  remove lib [gcc_s]
  remove lib [gcc]
  remove lib [gcc_s]
  remove lib [gcc]
  collapse library dir [/usr/lib/gcc/x86_64-linux-gnu/5] ==> [/usr/lib/gcc/x86_64-linux-gnu/5]
  collapse library dir [/usr/lib/gcc/x86_64-linux-gnu/5/../../../x86_64-linux-gnu] ==> [/usr/lib/x86_64-linux-gnu]
  collapse library dir [/usr/lib/gcc/x86_64-linux-gnu/5/../../../../lib] ==> [/usr/lib]
  collapse library dir [/lib/x86_64-linux-gnu] ==> [/lib/x86_64-linux-gnu]
  collapse library dir [/lib/../lib] ==> [/lib]
  collapse library dir [/usr/lib/x86_64-linux-gnu] ==> [/usr/lib/x86_64-linux-gnu]
  collapse library dir [/usr/lib/../lib] ==> [/usr/lib]
  collapse library dir [/usr/lib/gcc/x86_64-linux-gnu/5/../../..] ==> [/usr/lib]
  implicit libs: [stdc++;m;c]
  implicit dirs: [/usr/lib/gcc/x86_64-linux-gnu/5;/usr/lib/x86_64-linux-gnu;/usr/lib;/lib/x86_64-linux-gnu;/lib]
  implicit fwks: []




Detecting CXX [-std=c++14] compiler features compiled with the following output:
Change Dir: /home/david/googlefruit-example/build/CMakeFiles/CMakeTmp

Run Build Command:"/usr/bin/make" "cmTC_2a7e3/fast"
/usr/bin/make -f CMakeFiles/cmTC_2a7e3.dir/build.make CMakeFiles/cmTC_2a7e3.dir/build
make[1]: Entering directory '/home/david/googlefruit-example/build/CMakeFiles/CMakeTmp'
Building CXX object CMakeFiles/cmTC_2a7e3.dir/feature_tests.cxx.o
/usr/bin/c++     -std=c++14 -o CMakeFiles/cmTC_2a7e3.dir/feature_tests.cxx.o -c /home/david/googlefruit-example/build/CMakeFiles/feature_tests.cxx
Linking CXX executable cmTC_2a7e3
/usr/bin/cmake -E cmake_link_script CMakeFiles/cmTC_2a7e3.dir/link.txt --verbose=1
/usr/bin/c++        CMakeFiles/cmTC_2a7e3.dir/feature_tests.cxx.o  -o cmTC_2a7e3 -rdynamic 
make[1]: Leaving directory '/home/david/googlefruit-example/build/CMakeFiles/CMakeTmp'


    Feature record: CXX_FEATURE:1cxx_aggregate_default_initializers
    Feature record: CXX_FEATURE:1cxx_alias_templates
    Feature record: CXX_FEATURE:1cxx_alignas
    Feature record: CXX_FEATURE:1cxx_alignof
    Feature record: CXX_FEATURE:1cxx_attributes
    Feature record: CXX_FEATURE:1cxx_attribute_deprecated
    Feature record: CXX_FEATURE:1cxx_auto_type
    Feature record: CXX_FEATURE:1cxx_binary_literals
    Feature record: CXX_FEATURE:1cxx_constexpr
    Feature record: CXX_FEATURE:1cxx_contextual_conversions
    Feature record: CXX_FEATURE:1cxx_decltype
    Feature record: CXX_FEATURE:1cxx_decltype_auto
    Feature record: CXX_FEATURE:1cxx_decltype_incomplete_return_types
    Feature record: CXX_FEATURE:1cxx_default_function_template_args
    Feature record: CXX_FEATURE:1cxx_defaulted_functions
    Feature record: CXX_FEATURE:1cxx_defaulted_move_initializers
    Feature record: CXX_FEATURE:1cxx_delegating_constructors
    Feature record: CXX_FEATURE:1cxx_deleted_functions
    Feature record: CXX_FEATURE:1cxx_digit_separators
    Feature record: CXX_FEATURE:1cxx_enum_forward_declarations
    Feature record: CXX_FEATURE:1cxx_explicit_conversions
    Feature record: CXX_FEATURE:1cxx_extended_friend_declarations
    Feature record: CXX_FEATURE:1cxx_extern_templates
    Feature record: CXX_FEATURE:1cxx_final
    Feature record: CXX_FEATURE:1cxx_func_identifier
    Feature record: CXX_FEATURE:1cxx_generalized_initializers
    Feature record: CXX_FEATURE:1cxx_generic_lambdas
    Feature record: CXX_FEATURE:1cxx_inheriting_constructors
    Feature record: CXX_FEATURE:1cxx_inline_namespaces
    Feature record: CXX_FEATURE:1cxx_lambdas
    Feature record: CXX_FEATURE:1cxx_lambda_init_captures
    Feature record: CXX_FEATURE:1cxx_local_type_template_args
    Feature record: CXX_FEATURE:1cxx_long_long_type
    Feature record: CXX_FEATURE:1cxx_noexcept
    Feature record: CXX_FEATURE:1cxx_nonstatic_member_init
    Feature record: CXX_FEATURE:1cxx_nullptr
    Feature record: CXX_FEATURE:1cxx_override
    Feature record: CXX_FEATURE:1cxx_range_for
    Feature record: CXX_FEATURE:1cxx_raw_string_literals
    Feature record: CXX_FEATURE:1cxx_reference_qualified_functions
    Feature record: CXX_FEATURE:1cxx_relaxed_constexpr
    Feature record: CXX_FEATURE:1cxx_return_type_deduction
    Feature record: CXX_FEATURE:1cxx_right_angle_brackets
    Feature record: CXX_FEATURE:1cxx_rvalue_references
    Feature record: CXX_FEATURE:1cxx_sizeof_member
    Feature record: CXX_FEATURE:1cxx_static_assert
    Feature record: CXX_FEATURE:1cxx_strong_enums
    Feature record: CXX_FEATURE:1cxx_template_template_parameters
    Feature record: CXX_FEATURE:1cxx_thread_local
    Feature record: CXX_FEATURE:1cxx_trailing_return_types
    Feature record: CXX_FEATURE:1cxx_unicode_literals
    Feature record: CXX_FEATURE:1cxx_uniform_initialization
    Feature record: CXX_FEATURE:1cxx_unrestricted_unions
    Feature record: CXX_FEATURE:1cxx_user_literals
    Feature record: CXX_FEATURE:1cxx_variable_templates
    Feature record: CXX_FEATURE:1cxx_variadic_macros
    Feature record: CXX_FEATURE:1cxx_variadic_templates


Detecting CXX [-std=c++11] compiler features compiled with the following output:
Change Dir: /home/david/googlefruit-example/build/CMakeFiles/CMakeTmp

Run Build Command:"/usr/bin/make" "cmTC_16c09/fast"
/usr/bin/make -f CMakeFiles/cmTC_16c09.dir/build.make CMakeFiles/cmTC_16c09.dir/build
make[1]: Entering directory '/home/david/googlefruit-example/build/CMakeFiles/CMakeTmp'
Building CXX object CMakeFiles/cmTC_16c09.dir/feature_tests.cxx.o
/usr/bin/c++     -std=c++11 -o CMakeFiles/cmTC_16c09.dir/feature_tests.cxx.o -c /home/david/googlefruit-example/build/CMakeFiles/feature_tests.cxx
Linking CXX executable cmTC_16c09
/usr/bin/cmake -E cmake_link_script CMakeFiles/cmTC_16c09.dir/link.txt --verbose=1
/usr/bin/c++        CMakeFiles/cmTC_16c09.dir/feature_tests.cxx.o  -o cmTC_16c09 -rdynamic 
make[1]: Leaving directory '/home/david/googlefruit-example/build/CMakeFiles/CMakeTmp'


    Feature record: CXX_FEATURE:0cxx_aggregate_default_initializers
    Feature record: CXX_FEATURE:1cxx_alias_templates
    Feature record: CXX_FEATURE:1cxx_alignas
    Feature record: CXX_FEATURE:1cxx_alignof
    Feature record: CXX_FEATURE:1cxx_attributes
    Feature record: CXX_FEATURE:0cxx_attribute_deprecated
    Feature record: CXX_FEATURE:1cxx_auto_type
    Feature record: CXX_FEATURE:0cxx_binary_literals
    Feature record: CXX_FEATURE:1cxx_constexpr
    Feature record: CXX_FEATURE:0cxx_contextual_conversions
    Feature record: CXX_FEATURE:1cxx_decltype
    Feature record: CXX_FEATURE:0cxx_decltype_auto
    Feature record: CXX_FEATURE:1cxx_decltype_incomplete_return_types
    Feature record: CXX_FEATURE:1cxx_default_function_template_args
    Feature record: CXX_FEATURE:1cxx_defaulted_functions
    Feature record: CXX_FEATURE:1cxx_defaulted_move_initializers
    Feature record: CXX_FEATURE:1cxx_delegating_constructors
    Feature record: CXX_FEATURE:1cxx_deleted_functions
    Feature record: CXX_FEATURE:0cxx_digit_separators
    Feature record: CXX_FEATURE:1cxx_enum_forward_declarations
    Feature record: CXX_FEATURE:1cxx_explicit_conversions
    Feature record: CXX_FEATURE:1cxx_extended_friend_declarations
    Feature record: CXX_FEATURE:1cxx_extern_templates
    Feature record: CXX_FEATURE:1cxx_final
    Feature record: CXX_FEATURE:1cxx_func_identifier
    Feature record: CXX_FEATURE:1cxx_generalized_initializers
    Feature record: CXX_FEATURE:0cxx_generic_lambdas
    Feature record: CXX_FEATURE:1cxx_inheriting_constructors
    Feature record: CXX_FEATURE:1cxx_inline_namespaces
    Feature record: CXX_FEATURE:1cxx_lambdas
    Feature record: CXX_FEATURE:0cxx_lambda_init_captures
    Feature record: CXX_FEATURE:1cxx_local_type_template_args
    Feature record: CXX_FEATURE:1cxx_long_long_type
    Feature record: CXX_FEATURE:1cxx_noexcept
    Feature record: CXX_FEATURE:1cxx_nonstatic_member_init
    Feature record: CXX_FEATURE:1cxx_nullptr
    Feature record: CXX_FEATURE:1cxx_override
    Feature record: CXX_FEATURE:1cxx_range_for
    Feature record: CXX_FEATURE:1cxx_raw_string_literals
    Feature record: CXX_FEATURE:1cxx_reference_qualified_functions
    Feature record: CXX_FEATURE:0cxx_relaxed_constexpr
    Feature record: CXX_FEATURE:0cxx_return_type_deduction
    Feature record: CXX_FEATURE:1cxx_right_angle_brackets
    Feature record: CXX_FEATURE:1cxx_rvalue_references
    Feature record: CXX_FEATURE:1cxx_sizeof_member
    Feature record: CXX_FEATURE:1cxx_static_assert
    Feature record: CXX_FEATURE:1cxx_strong_enums
    Feature record: CXX_FEATURE:1cxx_template_template_parameters
    Feature record: CXX_FEATURE:1cxx_thread_local
    Feature record: CXX_FEATURE:1cxx_trailing_return_types
    Feature record: CXX_FEATURE:1cxx_unicode_literals
    Feature record: CXX_FEATURE:1cxx_uniform_initialization
    Feature record: CXX_FEATURE:1cxx_unrestricted_unions
    Feature record: CXX_FEATURE:1cxx_user_literals
    Feature record: CXX_FEATURE:0cxx_variable_templates
    Feature record: CXX_FEATURE:1cxx_variadic_macros
    Feature record: CXX_FEATURE:1cxx_variadic_templates


Detecting CXX [-std=c++98] compiler features compiled with the following output:
Change Dir: /home/david/googlefruit-example/build/CMakeFiles/CMakeTmp

Run Build Command:"/usr/bin/make" "cmTC_82501/fast"
/usr/bin/make -f CMakeFiles/cmTC_82501.dir/build.make CMakeFiles/cmTC_82501.dir/build
make[1]: Entering directory '/home/david/googlefruit-example/build/CMakeFiles/CMakeTmp'
Building CXX object CMakeFiles/cmTC_82501.dir/feature_tests.cxx.o
/usr/bin/c++     -std=c++98 -o CMakeFiles/cmTC_82501.dir/feature_tests.cxx.o -c /home/david/googlefruit-example/build/CMakeFiles/feature_tests.cxx
Linking CXX executable cmTC_82501
/usr/bin/cmake -E cmake_link_script CMakeFiles/cmTC_82501.dir/link.txt --verbose=1
/usr/bin/c++        CMakeFiles/cmTC_82501.dir/feature_tests.cxx.o  -o cmTC_82501 -rdynamic 
make[1]: Leaving directory '/home/david/googlefruit-example/build/CMakeFiles/CMakeTmp'


    Feature record: CXX_FEATURE:0cxx_aggregate_default_initializers
    Feature record: CXX_FEATURE:0cxx_alias_templates
    Feature record: CXX_FEATURE:0cxx_alignas
    Feature record: CXX_FEATURE:0cxx_alignof
    Feature record: CXX_FEATURE:0cxx_attributes
    Feature record: CXX_FEATURE:0cxx_attribute_deprecated
    Feature record: CXX_FEATURE:0cxx_auto_type
    Feature record: CXX_FEATURE:0cxx_binary_literals
    Feature record: CXX_FEATURE:0cxx_constexpr
    Feature record: CXX_FEATURE:0cxx_contextual_conversions
    Feature record: CXX_FEATURE:0cxx_decltype
    Feature record: CXX_FEATURE:0cxx_decltype_auto
    Feature record: CXX_FEATURE:0cxx_decltype_incomplete_return_types
    Feature record: CXX_FEATURE:0cxx_default_function_template_args
    Feature record: CXX_FEATURE:0cxx_defaulted_functions
    Feature record: CXX_FEATURE:0cxx_defaulted_move_initializers
    Feature record: CXX_FEATURE:0cxx_delegating_constructors
    Feature record: CXX_FEATURE:0cxx_deleted_functions
    Feature record: CXX_FEATURE:0cxx_digit_separators
    Feature record: CXX_FEATURE:0cxx_enum_forward_declarations
    Feature record: CXX_FEATURE:0cxx_explicit_conversions
    Feature record: CXX_FEATURE:0cxx_extended_friend_declarations
    Feature record: CXX_FEATURE:0cxx_extern_templates
    Feature record: CXX_FEATURE:0cxx_final
    Feature record: CXX_FEATURE:0cxx_func_identifier
    Feature record: CXX_FEATURE:0cxx_generalized_initializers
    Feature record: CXX_FEATURE:0cxx_generic_lambdas
    Feature record: CXX_FEATURE:0cxx_inheriting_constructors
    Feature record: CXX_FEATURE:0cxx_inline_namespaces
    Feature record: CXX_FEATURE:0cxx_lambdas
    Feature record: CXX_FEATURE:0cxx_lambda_init_captures
    Feature record: CXX_FEATURE:0cxx_local_type_template_args
    Feature record: CXX_FEATURE:0cxx_long_long_type
    Feature record: CXX_FEATURE:0cxx_noexcept
    Feature record: CXX_FEATURE:0cxx_nonstatic_member_init
    Feature record: CXX_FEATURE:0cxx_nullptr
    Feature record: CXX_FEATURE:0cxx_override
    Feature record: CXX_FEATURE:0cxx_range_for
    Feature record: CXX_FEATURE:0cxx_raw_string_literals
    Feature record: CXX_FEATURE:0cxx_reference_qualified_functions
    Feature record: CXX_FEATURE:0cxx_relaxed_constexpr
    Feature record: CXX_FEATURE:0cxx_return_type_deduction
    Feature record: CXX_FEATURE:0cxx_right_angle_brackets
    Feature record: CXX_FEATURE:0cxx_rvalue_references
    Feature record: CXX_FEATURE:0cxx_sizeof_member
    Feature record: CXX_FEATURE:0cxx_static_assert
    Feature record: CXX_FEATURE:0cxx_strong_enums
    Feature record: CXX_FEATURE:1cxx_template_template_parameters
    Feature record: CXX_FEATURE:0cxx_thread_local
    Feature record: CXX_FEATURE:0cxx_trailing_return_types
    Feature record: CXX_FEATURE:0cxx_unicode_literals
    Feature record: CXX_FEATURE:0cxx_uniform_initialization
    Feature record: CXX_FEATURE:0cxx_unrestricted_unions
    Feature record: CXX_FEATURE:0cxx_user_literals
    Feature record: CXX_FEATURE:0cxx_variable_templates
    Feature record: CXX_FEATURE:0cxx_variadic_macros
    Feature record: CXX_FEATURE:0cxx_variadic_templates
Performing C++ SOURCE FILE Test FRUIT_HAS_HAS_TRIVIAL_COPY succeeded with the following output:
Change Dir: /home/david/googlefruit-example/build/CMakeFiles/CMakeTmp

Run Build Command:"/usr/bin/make" "cmTC_7ca37/fast"
/usr/bin/make -f CMakeFiles/cmTC_7ca37.dir/build.make CMakeFiles/cmTC_7ca37.dir/build
make[1]: Entering directory '/home/david/googlefruit-example/build/CMakeFiles/CMakeTmp'
Building CXX object CMakeFiles/cmTC_7ca37.dir/src.cxx.o
/usr/bin/c++   -DNDEBUG  -Wall -Wno-sign-compare -g -std=c++0x -O4 -DFRUIT_HAS_HAS_TRIVIAL_COPY   -Wall -Wno-sign-compare -g -std=c++0x -O4 -std=c++11 -W -Wall -O2 -o CMakeFiles/cmTC_7ca37.dir/src.cxx.o -c /home/david/googlefruit-example/build/CMakeFiles/CMakeTmp/src.cxx
Linking CXX executable cmTC_7ca37
/usr/bin/cmake -E cmake_link_script CMakeFiles/cmTC_7ca37.dir/link.txt --verbose=1
/usr/bin/c++   -Wall -Wno-sign-compare -g -std=c++0x -O4 -DFRUIT_HAS_HAS_TRIVIAL_COPY    CMakeFiles/cmTC_7ca37.dir/src.cxx.o  -o cmTC_7ca37 -rdynamic 
make[1]: Leaving directory '/home/david/googlefruit-example/build/CMakeFiles/CMakeTmp'

Source file was:

int main() {
  bool b = __has_trivial_copy(int);
  (void) b;
  return 0;
}

Performing C++ SOURCE FILE Test FRUIT_HAS_IS_TRIVIALLY_COPYABLE succeeded with the following output:
Change Dir: /home/david/googlefruit-example/build/CMakeFiles/CMakeTmp

Run Build Command:"/usr/bin/make" "cmTC_5091f/fast"
/usr/bin/make -f CMakeFiles/cmTC_5091f.dir/build.make CMakeFiles/cmTC_5091f.dir/build
make[1]: Entering directory '/home/david/googlefruit-example/build/CMakeFiles/CMakeTmp'
Building CXX object CMakeFiles/cmTC_5091f.dir/src.cxx.o
/usr/bin/c++   -DNDEBUG  -Wall -Wno-sign-compare -g -std=c++0x -O4 -DFRUIT_HAS_IS_TRIVIALLY_COPYABLE   -Wall -Wno-sign-compare -g -std=c++0x -O4 -std=c++11 -W -Wall -O2 -o CMakeFiles/cmTC_5091f.dir/src.cxx.o -c /home/david/googlefruit-example/build/CMakeFiles/CMakeTmp/src.cxx
Linking CXX executable cmTC_5091f
/usr/bin/cmake -E cmake_link_script CMakeFiles/cmTC_5091f.dir/link.txt --verbose=1
/usr/bin/c++   -Wall -Wno-sign-compare -g -std=c++0x -O4 -DFRUIT_HAS_IS_TRIVIALLY_COPYABLE    CMakeFiles/cmTC_5091f.dir/src.cxx.o  -o cmTC_5091f -rdynamic 
make[1]: Leaving directory '/home/david/googlefruit-example/build/CMakeFiles/CMakeTmp'

Source file was:

int main() {
  bool b = __is_trivially_copyable(int);
  (void) b;
  return 0;
}

Performing C++ SOURCE FILE Test FRUIT_HAS_MAX_ALIGN_T succeeded with the following output:
Change Dir: /home/david/googlefruit-example/build/CMakeFiles/CMakeTmp

Run Build Command:"/usr/bin/make" "cmTC_cf365/fast"
/usr/bin/make -f CMakeFiles/cmTC_cf365.dir/build.make CMakeFiles/cmTC_cf365.dir/build
make[1]: Entering directory '/home/david/googlefruit-example/build/CMakeFiles/CMakeTmp'
Building CXX object CMakeFiles/cmTC_cf365.dir/src.cxx.o
/usr/bin/c++   -DNDEBUG  -Wall -Wno-sign-compare -g -std=c++0x -O4 -DFRUIT_HAS_MAX_ALIGN_T   -Wall -Wno-sign-compare -g -std=c++0x -O4 -std=c++11 -W -Wall -O2 -o CMakeFiles/cmTC_cf365.dir/src.cxx.o -c /home/david/googlefruit-example/build/CMakeFiles/CMakeTmp/src.cxx
Linking CXX executable cmTC_cf365
/usr/bin/cmake -E cmake_link_script CMakeFiles/cmTC_cf365.dir/link.txt --verbose=1
/usr/bin/c++   -Wall -Wno-sign-compare -g -std=c++0x -O4 -DFRUIT_HAS_MAX_ALIGN_T    CMakeFiles/cmTC_cf365.dir/src.cxx.o  -o cmTC_cf365 -rdynamic 
make[1]: Leaving directory '/home/david/googlefruit-example/build/CMakeFiles/CMakeTmp'

Source file was:

#include <cstddef>
using X = max_align_t;
int main() {
  return 0;
}

Performing C++ SOURCE FILE Test FRUIT_HAS_STD_IS_TRIVIALLY_COPYABLE succeeded with the following output:
Change Dir: /home/david/googlefruit-example/build/CMakeFiles/CMakeTmp

Run Build Command:"/usr/bin/make" "cmTC_2961e/fast"
/usr/bin/make -f CMakeFiles/cmTC_2961e.dir/build.make CMakeFiles/cmTC_2961e.dir/build
make[1]: Entering directory '/home/david/googlefruit-example/build/CMakeFiles/CMakeTmp'
Building CXX object CMakeFiles/cmTC_2961e.dir/src.cxx.o
/usr/bin/c++   -DNDEBUG  -Wall -Wno-sign-compare -g -std=c++0x -O4 -DFRUIT_HAS_STD_IS_TRIVIALLY_COPYABLE   -Wall -Wno-sign-compare -g -std=c++0x -O4 -std=c++11 -W -Wall -O2 -o CMakeFiles/cmTC_2961e.dir/src.cxx.o -c /home/david/googlefruit-example/build/CMakeFiles/CMakeTmp/src.cxx
Linking CXX executable cmTC_2961e
/usr/bin/cmake -E cmake_link_script CMakeFiles/cmTC_2961e.dir/link.txt --verbose=1
/usr/bin/c++   -Wall -Wno-sign-compare -g -std=c++0x -O4 -DFRUIT_HAS_STD_IS_TRIVIALLY_COPYABLE    CMakeFiles/cmTC_2961e.dir/src.cxx.o  -o cmTC_2961e -rdynamic 
make[1]: Leaving directory '/home/david/googlefruit-example/build/CMakeFiles/CMakeTmp'

Source file was:

#include <type_traits>
int main() {
  bool b = std::is_trivially_copyable<int>::value;
  (void) b;
  return 0;
}

Performing C++ SOURCE FILE Test FRUIT_HAS_STD_MAX_ALIGN_T succeeded with the following output:
Change Dir: /home/david/googlefruit-example/build/CMakeFiles/CMakeTmp

Run Build Command:"/usr/bin/make" "cmTC_711c4/fast"
/usr/bin/make -f CMakeFiles/cmTC_711c4.dir/build.make CMakeFiles/cmTC_711c4.dir/build
make[1]: Entering directory '/home/david/googlefruit-example/build/CMakeFiles/CMakeTmp'
Building CXX object CMakeFiles/cmTC_711c4.dir/src.cxx.o
/usr/bin/c++   -DNDEBUG  -Wall -Wno-sign-compare -g -std=c++0x -O4 -DFRUIT_HAS_STD_MAX_ALIGN_T   -Wall -Wno-sign-compare -g -std=c++0x -O4 -std=c++11 -W -Wall -O2 -o CMakeFiles/cmTC_711c4.dir/src.cxx.o -c /home/david/googlefruit-example/build/CMakeFiles/CMakeTmp/src.cxx
Linking CXX executable cmTC_711c4
/usr/bin/cmake -E cmake_link_script CMakeFiles/cmTC_711c4.dir/link.txt --verbose=1
/usr/bin/c++   -Wall -Wno-sign-compare -g -std=c++0x -O4 -DFRUIT_HAS_STD_MAX_ALIGN_T    CMakeFiles/cmTC_711c4.dir/src.cxx.o  -o cmTC_711c4 -rdynamic 
make[1]: Leaving directory '/home/david/googlefruit-example/build/CMakeFiles/CMakeTmp'

Source file was:

#include <cstddef>
using X = std::max_align_t;
int main() {
  return 0;
}

Performing C++ SOURCE FILE Test FRUIT_HAS_TYPEID succeeded with the following output:
Change Dir: /home/david/googlefruit-example/build/CMakeFiles/CMakeTmp

Run Build Command:"/usr/bin/make" "cmTC_38bf3/fast"
/usr/bin/make -f CMakeFiles/cmTC_38bf3.dir/build.make CMakeFiles/cmTC_38bf3.dir/build
make[1]: Entering directory '/home/david/googlefruit-example/build/CMakeFiles/CMakeTmp'
Building CXX object CMakeFiles/cmTC_38bf3.dir/src.cxx.o
/usr/bin/c++   -DNDEBUG  -Wall -Wno-sign-compare -g -std=c++0x -O4 -DFRUIT_HAS_TYPEID   -Wall -Wno-sign-compare -g -std=c++0x -O4 -std=c++11 -W -Wall -O2 -o CMakeFiles/cmTC_38bf3.dir/src.cxx.o -c /home/david/googlefruit-example/build/CMakeFiles/CMakeTmp/src.cxx
Linking CXX executable cmTC_38bf3
/usr/bin/cmake -E cmake_link_script CMakeFiles/cmTC_38bf3.dir/link.txt --verbose=1
/usr/bin/c++   -Wall -Wno-sign-compare -g -std=c++0x -O4 -DFRUIT_HAS_TYPEID    CMakeFiles/cmTC_38bf3.dir/src.cxx.o  -o cmTC_38bf3 -rdynamic 
make[1]: Leaving directory '/home/david/googlefruit-example/build/CMakeFiles/CMakeTmp'

Source file was:

#include <typeinfo>
int main() {
  (void) typeid(int);
  return 0;
}

Performing C++ SOURCE FILE Test FRUIT_HAS_CXA_DEMANGLE succeeded with the following output:
Change Dir: /home/david/googlefruit-example/build/CMakeFiles/CMakeTmp

Run Build Command:"/usr/bin/make" "cmTC_c2033/fast"
/usr/bin/make -f CMakeFiles/cmTC_c2033.dir/build.make CMakeFiles/cmTC_c2033.dir/build
make[1]: Entering directory '/home/david/googlefruit-example/build/CMakeFiles/CMakeTmp'
Building CXX object CMakeFiles/cmTC_c2033.dir/src.cxx.o
/usr/bin/c++   -DNDEBUG  -Wall -Wno-sign-compare -g -std=c++0x -O4 -DFRUIT_HAS_CXA_DEMANGLE   -Wall -Wno-sign-compare -g -std=c++0x -O4 -std=c++11 -W -Wall -O2 -o CMakeFiles/cmTC_c2033.dir/src.cxx.o -c /home/david/googlefruit-example/build/CMakeFiles/CMakeTmp/src.cxx
Linking CXX executable cmTC_c2033
/usr/bin/cmake -E cmake_link_script CMakeFiles/cmTC_c2033.dir/link.txt --verbose=1
/usr/bin/c++   -Wall -Wno-sign-compare -g -std=c++0x -O4 -DFRUIT_HAS_CXA_DEMANGLE    CMakeFiles/cmTC_c2033.dir/src.cxx.o  -o cmTC_c2033 -rdynamic 
make[1]: Leaving directory '/home/david/googlefruit-example/build/CMakeFiles/CMakeTmp'

Source file was:

#include <cxxabi.h>
int main() {
  auto* p = abi::__cxa_demangle;
  (void) p;
  return 0;
}

